<?xml version="1.0" encoding="UTF-8"?>
<testsuite xmlns:xsi="http://www.w3.org/2001/XMLSchema-instance" xsi:noNamespaceSchemaLocation="https://maven.apache.org/surefire/maven-surefire-plugin/xsd/surefire-test-report-3.0.xsd" version="3.0" name="com.example.discovery.DiscoveryApplicationTests" time="5.035" tests="1" errors="0" skipped="0" failures="0">
  <properties>
[...]
</properties>
  <testcase name="contextLoads" classname="com.example.discovery.DiscoveryApplicationTests" time="0.687">
    <system-out><![CDATA[Standard Commons Logging discovery in action with spring-jcl: please remove commons-logging.jar from classpath in order to avoid potential conflicts
21:38:45.669 [main] INFO org.springframework.test.context.support.AnnotationConfigContextLoaderUtils -- Could not detect default configuration classes for test class [com.example.discovery.DiscoveryApplicationTests]: DiscoveryApplicationTests does not declare any static, non-private, non-final, nested classes annotated with @Configuration.
21:38:45.772 [main] INFO org.springframework.boot.test.context.SpringBootTestContextBootstrapper -- Found @SpringBootConfiguration com.example.discovery.DiscoveryApplication for test class com.example.discovery.DiscoveryApplicationTests

  .   ____          _            __ _ _
 /\\ / ___'_ __ _ _(_)_ __  __ _ \ \ \ \
( ( )\___ | '_ | '_| | '_ \/ _` | \ \ \ \
 \\/  ___)| |_)| | | | | || (_| |  ) ) ) )
  '  |____| .__|_| |_|_| |_\__, | / / / /
 =========|_|==============|___/=/_/_/_/

 :: Spring Boot ::                (v3.3.4)

2025-04-01T21:38:46.734+01:00  INFO 1067132 --- [discovery] [           main] c.e.discovery.DiscoveryApplicationTests  : Starting DiscoveryApplicationTests using Java 21.0.6 with PID 1067132 (started by moemen in /home/moemen/prototype project/Prototype-project/backend/discovery)
2025-04-01T21:38:46.736+01:00  INFO 1067132 --- [discovery] [           main] c.e.discovery.DiscoveryApplicationTests  : No active profile set, falling back to 1 default profile: "default"
2025-04-01T21:38:46.768+01:00  INFO 1067132 --- [discovery] [           main] o.s.c.c.c.ConfigServerConfigDataLoader   : Fetching config from server at : http://localhost:8888
2025-04-01T21:38:46.768+01:00  INFO 1067132 --- [discovery] [           main] o.s.c.c.c.ConfigServerConfigDataLoader   : Exception on Url - http://localhost:8888:org.springframework.web.client.ResourceAccessException: I/O error on GET request for "http://localhost:8888/discovery/default": Connection refused. Will be trying the next url if available
2025-04-01T21:38:46.769+01:00  WARN 1067132 --- [discovery] [           main] o.s.c.c.c.ConfigServerConfigDataLoader   : Could not locate PropertySource ([ConfigServerConfigDataResource@6f38a289 uris = array<String>['http://localhost:8888'], optional = true, profiles = 'default']): I/O error on GET request for "http://localhost:8888/discovery/default": Connection refused
2025-04-01T21:38:46.769+01:00  INFO 1067132 --- [discovery] [           main] o.s.c.c.c.ConfigServerConfigDataLoader   : Fetching config from server at : http://localhost:8888
2025-04-01T21:38:46.769+01:00  INFO 1067132 --- [discovery] [           main] o.s.c.c.c.ConfigServerConfigDataLoader   : Exception on Url - http://localhost:8888:org.springframework.web.client.ResourceAccessException: I/O error on GET request for "http://localhost:8888/discovery/default": Connection refused. Will be trying the next url if available
2025-04-01T21:38:46.769+01:00  WARN 1067132 --- [discovery] [           main] o.s.c.c.c.ConfigServerConfigDataLoader   : Could not locate PropertySource ([ConfigServerConfigDataResource@28348c6 uris = array<String>['http://localhost:8888'], optional = true, profiles = 'default']): I/O error on GET request for "http://localhost:8888/discovery/default": Connection refused
2025-04-01T21:38:46.769+01:00  INFO 1067132 --- [discovery] [           main] o.s.c.c.c.ConfigServerConfigDataLoader   : Fetching config from server at : http://localhost:8888
2025-04-01T21:38:46.769+01:00  INFO 1067132 --- [discovery] [           main] o.s.c.c.c.ConfigServerConfigDataLoader   : Exception on Url - http://localhost:8888:org.springframework.web.client.ResourceAccessException: I/O error on GET request for "http://localhost:8888/discovery/default": Connection refused. Will be trying the next url if available
2025-04-01T21:38:46.769+01:00  WARN 1067132 --- [discovery] [           main] o.s.c.c.c.ConfigServerConfigDataLoader   : Could not locate PropertySource ([ConfigServerConfigDataResource@6de0f580 uris = array<String>['http://localhost:8888'], optional = true, profiles = 'default']): I/O error on GET request for "http://localhost:8888/discovery/default": Connection refused
2025-04-01T21:38:47.725+01:00  INFO 1067132 --- [discovery] [           main] o.s.cloud.context.scope.GenericScope     : BeanFactory id=773de353-9274-3333-80d4-dccadc1b5807
2025-04-01T21:38:47.805+01:00  WARN 1067132 --- [discovery] [           main] trationDelegate$BeanPostProcessorChecker : Bean 'org.springframework.cloud.client.loadbalancer.LoadBalancerAutoConfiguration$DeferringLoadBalancerInterceptorConfig' of type [org.springframework.cloud.client.loadbalancer.LoadBalancerAutoConfiguration$DeferringLoadBalancerInterceptorConfig] is not eligible for getting processed by all BeanPostProcessors (for example: not eligible for auto-proxying). The currently created BeanPostProcessor [lbRestClientPostProcessor] is declared through a non-static factory method on that class; consider declaring it as static instead.
2025-04-01T21:38:47.807+01:00  WARN 1067132 --- [discovery] [           main] trationDelegate$BeanPostProcessorChecker : Bean 'deferringLoadBalancerInterceptor' of type [org.springframework.cloud.client.loadbalancer.DeferringLoadBalancerInterceptor] is not eligible for getting processed by all BeanPostProcessors (for example: not eligible for auto-proxying). Is this bean getting eagerly injected into a currently created BeanPostProcessor [lbRestClientPostProcessor]? Check the corresponding BeanPostProcessor declaration and its dependencies.
2025-04-01T21:38:49.282+01:00  WARN 1067132 --- [discovery] [           main] iguration$LoadBalancerCaffeineWarnLogger : Spring Cloud LoadBalancer is currently working with the default cache. While this cache implementation is useful for development and tests, it's recommended to use Caffeine cache in production.You can switch to using Caffeine cache, by adding it and org.springframework.cache.caffeine.CaffeineCacheManager to the classpath.
2025-04-01T21:38:49.473+01:00  INFO 1067132 --- [discovery] [           main] o.s.c.n.eureka.InstanceInfoFactory       : Setting initial instance status as: STARTING
2025-04-01T21:38:49.498+01:00  INFO 1067132 --- [discovery] [           main] com.netflix.discovery.DiscoveryClient    : Initializing Eureka in region us-east-1
2025-04-01T21:38:49.499+01:00  INFO 1067132 --- [discovery] [           main] com.netflix.discovery.DiscoveryClient    : Client configured to neither register nor query for data.
2025-04-01T21:38:49.501+01:00  INFO 1067132 --- [discovery] [           main] com.netflix.discovery.DiscoveryClient    : Discovery Client initialized at timestamp 1743539929501 with initial instances count: 0
2025-04-01T21:38:49.549+01:00  INFO 1067132 --- [discovery] [           main] c.n.eureka.DefaultEurekaServerContext    : Initializing ...
2025-04-01T21:38:49.552+01:00  WARN 1067132 --- [discovery] [           main] c.n.eureka.cluster.PeerEurekaNodes       : The replica size seems to be empty. Check the route 53 DNS Registry
2025-04-01T21:38:49.562+01:00  INFO 1067132 --- [discovery] [           main] c.n.e.registry.AbstractInstanceRegistry  : Finished initializing remote region registries. All known remote regions: []
2025-04-01T21:38:49.563+01:00  INFO 1067132 --- [discovery] [           main] c.n.eureka.DefaultEurekaServerContext    : Initialized
2025-04-01T21:38:49.685+01:00  INFO 1067132 --- [discovery] [           main] o.s.b.a.e.web.EndpointLinksResolver      : Exposing 1 endpoint beneath base path '/actuator'
2025-04-01T21:38:49.743+01:00  INFO 1067132 --- [discovery] [           main] o.s.c.n.e.s.EurekaServiceRegistry        : Registering application DISCOVERY with eureka with status UP
2025-04-01T21:38:49.755+01:00  INFO 1067132 --- [discovery] [      Thread-10] o.s.c.n.e.server.EurekaServerBootstrap   : isAws returned false
2025-04-01T21:38:49.756+01:00  INFO 1067132 --- [discovery] [      Thread-10] o.s.c.n.e.server.EurekaServerBootstrap   : Initialized server context
2025-04-01T21:38:49.756+01:00  INFO 1067132 --- [discovery] [      Thread-10] c.n.e.r.PeerAwareInstanceRegistryImpl    : Got 1 instances from neighboring DS node
2025-04-01T21:38:49.756+01:00  INFO 1067132 --- [discovery] [      Thread-10] c.n.e.r.PeerAwareInstanceRegistryImpl    : Renew threshold is: 1
2025-04-01T21:38:49.757+01:00  INFO 1067132 --- [discovery] [      Thread-10] c.n.e.r.PeerAwareInstanceRegistryImpl    : Changing status to UP
2025-04-01T21:38:49.760+01:00  INFO 1067132 --- [discovery] [      Thread-10] e.s.EurekaServerInitializerConfiguration : Started Eureka Server
2025-04-01T21:38:49.763+01:00  INFO 1067132 --- [discovery] [           main] c.e.discovery.DiscoveryApplicationTests  : Started DiscoveryApplicationTests in 3.861 seconds (process running for 4.718)
]]></system-out>
    <system-err><![CDATA[WARNING: A Java agent has been loaded dynamically (/home/moemen/.m2/repository/net/bytebuddy/byte-buddy-agent/1.14.19/byte-buddy-agent-1.14.19.jar)
WARNING: If a serviceability tool is in use, please run with -XX:+EnableDynamicAgentLoading to hide this warning
WARNING: If a serviceability tool is not in use, please run with -Djdk.instrument.traceUsage for more information
WARNING: Dynamic loading of agents will be disallowed by default in a future release
]]></system-err>
  </testcase>
</testsuite>